-------------------------------------------------------------------------------
Test set: lovotech.UtilisateurApplicationTests
-------------------------------------------------------------------------------
Tests run: 2, Failures: 0, Errors: 2, Skipped: 0, Time elapsed: 15.349 sec <<< FAILURE! - in lovotech.UtilisateurApplicationTests
shouldRoundRobinOverInstancesWhenCallingServicesViaRibbon(lovotech.UtilisateurApplicationTests)  Time elapsed: 4.1 sec  <<< ERROR!
org.springframework.boot.context.embedded.tomcat.ConnectorStartFailedException: Connector configured to listen on port 8090 failed to start
	at org.springframework.boot.context.embedded.tomcat.TomcatEmbeddedServletContainer.checkThatConnectorsHaveStarted(TomcatEmbeddedServletContainer.java:222)
	at org.springframework.boot.context.embedded.tomcat.TomcatEmbeddedServletContainer.start(TomcatEmbeddedServletContainer.java:198)
	at org.springframework.boot.context.embedded.EmbeddedWebApplicationContext.startEmbeddedServletContainer(EmbeddedWebApplicationContext.java:297)
	at org.springframework.boot.context.embedded.EmbeddedWebApplicationContext.finishRefresh(EmbeddedWebApplicationContext.java:145)
	at org.springframework.context.support.AbstractApplicationContext.refresh(AbstractApplicationContext.java:546)
	at org.springframework.boot.context.embedded.EmbeddedWebApplicationContext.refresh(EmbeddedWebApplicationContext.java:122)
	at org.springframework.boot.SpringApplication.refresh(SpringApplication.java:693)
	at org.springframework.boot.SpringApplication.refreshContext(SpringApplication.java:360)
	at org.springframework.boot.SpringApplication.run(SpringApplication.java:303)
	at org.springframework.boot.SpringApplication.run(SpringApplication.java:1118)
	at org.springframework.boot.SpringApplication.run(SpringApplication.java:1107)
	at lovotech.UtilisateurApplicationTests.startApp(UtilisateurApplicationTests.java:71)
	at lovotech.UtilisateurApplicationTests.startApps(UtilisateurApplicationTests.java:38)

shouldRoundRobinOverInstancesWhenCallingServicesViaRibbon(lovotech.UtilisateurApplicationTests)  Time elapsed: 4.102 sec  <<< ERROR!
java.lang.NullPointerException: null
	at lovotech.UtilisateurApplicationTests.closeApps(UtilisateurApplicationTests.java:45)

