<?xml version="1.0" encoding="UTF-8"?>
<testsuite name="lovotech.UtilisateurApplicationTests" time="4.1" tests="2" errors="2" skipped="0" failures="0">
  <properties>
[...]
</properties>
  <testcase name="shouldRoundRobinOverInstancesWhenCallingServicesViaRibbon" classname="lovotech.UtilisateurApplicationTests" time="4.1">
    <error message="Connector configured to listen on port 8090 failed to start" type="org.springframework.boot.context.embedded.tomcat.ConnectorStartFailedException">org.springframework.boot.context.embedded.tomcat.ConnectorStartFailedException: Connector configured to listen on port 8090 failed to start
	at org.springframework.boot.context.embedded.tomcat.TomcatEmbeddedServletContainer.checkThatConnectorsHaveStarted(TomcatEmbeddedServletContainer.java:222)
	at org.springframework.boot.context.embedded.tomcat.TomcatEmbeddedServletContainer.start(TomcatEmbeddedServletContainer.java:198)
	at org.springframework.boot.context.embedded.EmbeddedWebApplicationContext.startEmbeddedServletContainer(EmbeddedWebApplicationContext.java:297)
	at org.springframework.boot.context.embedded.EmbeddedWebApplicationContext.finishRefresh(EmbeddedWebApplicationContext.java:145)
	at org.springframework.context.support.AbstractApplicationContext.refresh(AbstractApplicationContext.java:546)
	at org.springframework.boot.context.embedded.EmbeddedWebApplicationContext.refresh(EmbeddedWebApplicationContext.java:122)
	at org.springframework.boot.SpringApplication.refresh(SpringApplication.java:693)
	at org.springframework.boot.SpringApplication.refreshContext(SpringApplication.java:360)
	at org.springframework.boot.SpringApplication.run(SpringApplication.java:303)
	at org.springframework.boot.SpringApplication.run(SpringApplication.java:1118)
	at org.springframework.boot.SpringApplication.run(SpringApplication.java:1107)
	at lovotech.UtilisateurApplicationTests.startApp(UtilisateurApplicationTests.java:71)
	at lovotech.UtilisateurApplicationTests.startApps(UtilisateurApplicationTests.java:38)
</error>
    <system-out><![CDATA[13:32:12.259 [main] DEBUG org.springframework.test.context.junit4.SpringJUnit4ClassRunner - SpringJUnit4ClassRunner constructor called with [class lovotech.UtilisateurApplicationTests]
13:32:12.270 [main] DEBUG org.springframework.test.context.BootstrapUtils - Instantiating CacheAwareContextLoaderDelegate from class [org.springframework.test.context.cache.DefaultCacheAwareContextLoaderDelegate]
13:32:12.288 [main] DEBUG org.springframework.test.context.BootstrapUtils - Instantiating BootstrapContext using constructor [public org.springframework.test.context.support.DefaultBootstrapContext(java.lang.Class,org.springframework.test.context.CacheAwareContextLoaderDelegate)]
13:32:12.325 [main] DEBUG org.springframework.test.context.BootstrapUtils - Instantiating TestContextBootstrapper for test class [lovotech.UtilisateurApplicationTests] from class [org.springframework.boot.test.context.SpringBootTestContextBootstrapper]
13:32:12.358 [main] INFO org.springframework.boot.test.context.SpringBootTestContextBootstrapper - Neither @ContextConfiguration nor @ContextHierarchy found for test class [lovotech.UtilisateurApplicationTests], using SpringBootContextLoader
13:32:12.367 [main] DEBUG org.springframework.test.context.support.AbstractContextLoader - Did not detect default resource location for test class [lovotech.UtilisateurApplicationTests]: class path resource [lovotech/UtilisateurApplicationTests-context.xml] does not exist
13:32:12.368 [main] DEBUG org.springframework.test.context.support.AbstractContextLoader - Did not detect default resource location for test class [lovotech.UtilisateurApplicationTests]: class path resource [lovotech/UtilisateurApplicationTestsContext.groovy] does not exist
13:32:12.368 [main] INFO org.springframework.test.context.support.AbstractContextLoader - Could not detect default resource locations for test class [lovotech.UtilisateurApplicationTests]: no resource found for suffixes {-context.xml, Context.groovy}.
13:32:12.447 [main] DEBUG org.springframework.test.context.support.ActiveProfilesUtils - Could not find an 'annotation declaring class' for annotation type [org.springframework.test.context.ActiveProfiles] and class [lovotech.UtilisateurApplicationTests]
13:32:12.517 [main] DEBUG org.springframework.boot.test.context.SpringBootTestContextBootstrapper - @TestExecutionListeners is not present for class [lovotech.UtilisateurApplicationTests]: using defaults.
13:32:12.524 [main] INFO org.springframework.boot.test.context.SpringBootTestContextBootstrapper - Loaded default TestExecutionListener class names from location [META-INF/spring.factories]: [org.springframework.boot.test.mock.mockito.MockitoTestExecutionListener, org.springframework.boot.test.mock.mockito.ResetMocksTestExecutionListener, org.springframework.boot.test.autoconfigure.restdocs.RestDocsTestExecutionListener, org.springframework.boot.test.autoconfigure.web.client.MockRestServiceServerResetTestExecutionListener, org.springframework.boot.test.autoconfigure.web.servlet.MockMvcPrintOnlyOnFailureTestExecutionListener, org.springframework.boot.test.autoconfigure.web.servlet.WebDriverTestExecutionListener, org.springframework.test.context.web.ServletTestExecutionListener, org.springframework.test.context.support.DirtiesContextBeforeModesTestExecutionListener, org.springframework.test.context.support.DependencyInjectionTestExecutionListener, org.springframework.test.context.support.DirtiesContextTestExecutionListener, org.springframework.test.context.transaction.TransactionalTestExecutionListener, org.springframework.test.context.jdbc.SqlScriptsTestExecutionListener]
13:32:12.558 [main] DEBUG org.springframework.boot.test.context.SpringBootTestContextBootstrapper - Could not instantiate TestExecutionListener [org.springframework.test.context.transaction.TransactionalTestExecutionListener]. Specify custom listener classes or make the default listener classes (and their required dependencies) available. Offending class: [org/springframework/transaction/interceptor/TransactionAttributeSource]
13:32:12.559 [main] DEBUG org.springframework.boot.test.context.SpringBootTestContextBootstrapper - Could not instantiate TestExecutionListener [org.springframework.test.context.jdbc.SqlScriptsTestExecutionListener]. Specify custom listener classes or make the default listener classes (and their required dependencies) available. Offending class: [org/springframework/transaction/interceptor/TransactionAttribute]
13:32:12.560 [main] INFO org.springframework.boot.test.context.SpringBootTestContextBootstrapper - Using TestExecutionListeners: [org.springframework.test.context.web.ServletTestExecutionListener@7ba18f1b, org.springframework.test.context.support.DirtiesContextBeforeModesTestExecutionListener@2f8f5f62, org.springframework.boot.test.autoconfigure.SpringBootDependencyInjectionTestExecutionListener@1068e947, org.springframework.test.context.support.DirtiesContextTestExecutionListener@7dc222ae, org.springframework.boot.test.mock.mockito.MockitoTestExecutionListener@aecb35a, org.springframework.boot.test.mock.mockito.ResetMocksTestExecutionListener@5fcd892a, org.springframework.boot.test.autoconfigure.restdocs.RestDocsTestExecutionListener@8b87145, org.springframework.boot.test.autoconfigure.web.client.MockRestServiceServerResetTestExecutionListener@6483f5ae, org.springframework.boot.test.autoconfigure.web.servlet.MockMvcPrintOnlyOnFailureTestExecutionListener@b9afc07, org.springframework.boot.test.autoconfigure.web.servlet.WebDriverTestExecutionListener@382db087]
13:32:12.564 [main] DEBUG org.springframework.test.annotation.ProfileValueUtils - Retrieved @ProfileValueSourceConfiguration [null] for test class [lovotech.UtilisateurApplicationTests]
13:32:12.565 [main] DEBUG org.springframework.test.annotation.ProfileValueUtils - Retrieved ProfileValueSource type [class org.springframework.test.annotation.SystemProfileValueSource] for class [lovotech.UtilisateurApplicationTests]
13:32:12.568 [main] DEBUG org.springframework.test.context.junit4.SpringJUnit4ClassRunner - SpringJUnit4ClassRunner constructor called with [class lovotech.UtilisateurApplicationTests]
13:32:12.568 [main] DEBUG org.springframework.test.context.BootstrapUtils - Instantiating CacheAwareContextLoaderDelegate from class [org.springframework.test.context.cache.DefaultCacheAwareContextLoaderDelegate]
13:32:12.569 [main] DEBUG org.springframework.test.context.BootstrapUtils - Instantiating BootstrapContext using constructor [public org.springframework.test.context.support.DefaultBootstrapContext(java.lang.Class,org.springframework.test.context.CacheAwareContextLoaderDelegate)]
13:32:12.569 [main] DEBUG org.springframework.test.context.BootstrapUtils - Instantiating TestContextBootstrapper for test class [lovotech.UtilisateurApplicationTests] from class [org.springframework.boot.test.context.SpringBootTestContextBootstrapper]
13:32:12.570 [main] INFO org.springframework.boot.test.context.SpringBootTestContextBootstrapper - Neither @ContextConfiguration nor @ContextHierarchy found for test class [lovotech.UtilisateurApplicationTests], using SpringBootContextLoader
13:32:12.571 [main] DEBUG org.springframework.test.context.support.AbstractContextLoader - Did not detect default resource location for test class [lovotech.UtilisateurApplicationTests]: class path resource [lovotech/UtilisateurApplicationTests-context.xml] does not exist
13:32:12.571 [main] DEBUG org.springframework.test.context.support.AbstractContextLoader - Did not detect default resource location for test class [lovotech.UtilisateurApplicationTests]: class path resource [lovotech/UtilisateurApplicationTestsContext.groovy] does not exist
13:32:12.572 [main] INFO org.springframework.test.context.support.AbstractContextLoader - Could not detect default resource locations for test class [lovotech.UtilisateurApplicationTests]: no resource found for suffixes {-context.xml, Context.groovy}.
13:32:12.580 [main] DEBUG org.springframework.test.context.support.ActiveProfilesUtils - Could not find an 'annotation declaring class' for annotation type [org.springframework.test.context.ActiveProfiles] and class [lovotech.UtilisateurApplicationTests]
13:32:12.584 [main] DEBUG org.springframework.boot.test.context.SpringBootTestContextBootstrapper - @TestExecutionListeners is not present for class [lovotech.UtilisateurApplicationTests]: using defaults.
13:32:12.590 [main] INFO org.springframework.boot.test.context.SpringBootTestContextBootstrapper - Loaded default TestExecutionListener class names from location [META-INF/spring.factories]: [org.springframework.boot.test.mock.mockito.MockitoTestExecutionListener, org.springframework.boot.test.mock.mockito.ResetMocksTestExecutionListener, org.springframework.boot.test.autoconfigure.restdocs.RestDocsTestExecutionListener, org.springframework.boot.test.autoconfigure.web.client.MockRestServiceServerResetTestExecutionListener, org.springframework.boot.test.autoconfigure.web.servlet.MockMvcPrintOnlyOnFailureTestExecutionListener, org.springframework.boot.test.autoconfigure.web.servlet.WebDriverTestExecutionListener, org.springframework.test.context.web.ServletTestExecutionListener, org.springframework.test.context.support.DirtiesContextBeforeModesTestExecutionListener, org.springframework.test.context.support.DependencyInjectionTestExecutionListener, org.springframework.test.context.support.DirtiesContextTestExecutionListener, org.springframework.test.context.transaction.TransactionalTestExecutionListener, org.springframework.test.context.jdbc.SqlScriptsTestExecutionListener]
13:32:12.598 [main] DEBUG org.springframework.boot.test.context.SpringBootTestContextBootstrapper - Could not instantiate TestExecutionListener [org.springframework.test.context.transaction.TransactionalTestExecutionListener]. Specify custom listener classes or make the default listener classes (and their required dependencies) available. Offending class: [org/springframework/transaction/interceptor/TransactionAttributeSource]
13:32:12.600 [main] DEBUG org.springframework.boot.test.context.SpringBootTestContextBootstrapper - Could not instantiate TestExecutionListener [org.springframework.test.context.jdbc.SqlScriptsTestExecutionListener]. Specify custom listener classes or make the default listener classes (and their required dependencies) available. Offending class: [org/springframework/transaction/interceptor/TransactionAttribute]
13:32:12.600 [main] INFO org.springframework.boot.test.context.SpringBootTestContextBootstrapper - Using TestExecutionListeners: [org.springframework.test.context.web.ServletTestExecutionListener@3444d69d, org.springframework.test.context.support.DirtiesContextBeforeModesTestExecutionListener@1372ed45, org.springframework.boot.test.autoconfigure.SpringBootDependencyInjectionTestExecutionListener@6a79c292, org.springframework.test.context.support.DirtiesContextTestExecutionListener@37574691, org.springframework.boot.test.mock.mockito.MockitoTestExecutionListener@25359ed8, org.springframework.boot.test.mock.mockito.ResetMocksTestExecutionListener@21a947fe, org.springframework.boot.test.autoconfigure.restdocs.RestDocsTestExecutionListener@5606c0b, org.springframework.boot.test.autoconfigure.web.client.MockRestServiceServerResetTestExecutionListener@80ec1f8, org.springframework.boot.test.autoconfigure.web.servlet.MockMvcPrintOnlyOnFailureTestExecutionListener@1445d7f, org.springframework.boot.test.autoconfigure.web.servlet.WebDriverTestExecutionListener@6a396c1e]
13:32:12.601 [main] DEBUG org.springframework.test.annotation.ProfileValueUtils - Retrieved @ProfileValueSourceConfiguration [null] for test class [lovotech.UtilisateurApplicationTests]
13:32:12.601 [main] DEBUG org.springframework.test.annotation.ProfileValueUtils - Retrieved ProfileValueSource type [class org.springframework.test.annotation.SystemProfileValueSource] for class [lovotech.UtilisateurApplicationTests]
13:32:12.602 [main] DEBUG org.springframework.test.annotation.ProfileValueUtils - Retrieved @ProfileValueSourceConfiguration [null] for test class [lovotech.UtilisateurApplicationTests]
13:32:12.602 [main] DEBUG org.springframework.test.annotation.ProfileValueUtils - Retrieved ProfileValueSource type [class org.springframework.test.annotation.SystemProfileValueSource] for class [lovotech.UtilisateurApplicationTests]
13:32:12.610 [main] DEBUG org.springframework.test.context.support.AbstractDirtiesContextTestExecutionListener - Before test class: context [DefaultTestContext@38364841 testClass = UtilisateurApplicationTests, testInstance = [null], testMethod = [null], testException = [null], mergedContextConfiguration = [WebMergedContextConfiguration@28c4711c testClass = UtilisateurApplicationTests, locations = '{}', classes = '{class lovotech.UtilisateurApplication, class lovotech.UtilisateurApplication}', contextInitializerClasses = '[]', activeProfiles = '{}', propertySourceLocations = '{}', propertySourceProperties = '{org.springframework.boot.test.context.SpringBootTestContextBootstrapper=true, server.port=0}', contextCustomizers = set[org.springframework.boot.test.context.SpringBootTestContextCustomizer@1c3a4799, org.springframework.boot.test.context.filter.ExcludeFilterContextCustomizer@3fd7a715, org.springframework.boot.test.json.DuplicateJsonObjectContextCustomizerFactory$DuplicateJsonObjectContextCustomizer@7f13d6e, org.springframework.boot.test.mock.mockito.MockitoContextCustomizer@0, org.springframework.boot.test.autoconfigure.properties.PropertyMappingContextCustomizer@0, org.springframework.boot.test.autoconfigure.web.servlet.WebDriverContextCustomizerFactory$Customizer@4493d195], resourceBasePath = 'src/main/webapp', contextLoader = 'org.springframework.boot.test.context.SpringBootContextLoader', parent = [null]]], class annotated with @DirtiesContext [false] with mode [null].
13:32:12.611 [main] DEBUG org.springframework.test.annotation.ProfileValueUtils - Retrieved @ProfileValueSourceConfiguration [null] for test class [lovotech.UtilisateurApplicationTests]
13:32:12.611 [main] DEBUG org.springframework.test.annotation.ProfileValueUtils - Retrieved ProfileValueSource type [class org.springframework.test.annotation.SystemProfileValueSource] for class [lovotech.UtilisateurApplicationTests]
13:32:12.613 [main] DEBUG org.springframework.test.context.support.DependencyInjectionTestExecutionListener - Performing dependency injection for test context [[DefaultTestContext@38364841 testClass = UtilisateurApplicationTests, testInstance = lovotech.UtilisateurApplicationTests@797badd3, testMethod = [null], testException = [null], mergedContextConfiguration = [WebMergedContextConfiguration@28c4711c testClass = UtilisateurApplicationTests, locations = '{}', classes = '{class lovotech.UtilisateurApplication, class lovotech.UtilisateurApplication}', contextInitializerClasses = '[]', activeProfiles = '{}', propertySourceLocations = '{}', propertySourceProperties = '{org.springframework.boot.test.context.SpringBootTestContextBootstrapper=true, server.port=0}', contextCustomizers = set[org.springframework.boot.test.context.SpringBootTestContextCustomizer@1c3a4799, org.springframework.boot.test.context.filter.ExcludeFilterContextCustomizer@3fd7a715, org.springframework.boot.test.json.DuplicateJsonObjectContextCustomizerFactory$DuplicateJsonObjectContextCustomizer@7f13d6e, org.springframework.boot.test.mock.mockito.MockitoContextCustomizer@0, org.springframework.boot.test.autoconfigure.properties.PropertyMappingContextCustomizer@0, org.springframework.boot.test.autoconfigure.web.servlet.WebDriverContextCustomizerFactory$Customizer@4493d195], resourceBasePath = 'src/main/webapp', contextLoader = 'org.springframework.boot.test.context.SpringBootContextLoader', parent = [null]]]].
13:32:12.749 [main] DEBUG org.springframework.core.env.StandardEnvironment - Adding PropertySource 'systemProperties' with lowest search precedence
13:32:12.752 [main] DEBUG org.springframework.core.env.StandardEnvironment - Adding PropertySource 'systemEnvironment' with lowest search precedence
13:32:12.752 [main] DEBUG org.springframework.core.env.StandardEnvironment - Initialized StandardEnvironment with PropertySources [MapPropertySource@1128096251 {name='systemProperties', properties={java.runtime.name=Java(TM) SE Runtime Environment, sun.boot.library.path=C:\Program Files\Java\jdk1.8.0_161\jre\bin, java.vm.version=25.161-b12, java.vm.vendor=Oracle Corporation, java.vendor.url=http://java.oracle.com/, path.separator=;, java.vm.name=Java HotSpot(TM) 64-Bit Server VM, file.encoding.pkg=sun.io, user.country=FR, user.script=, sun.java.launcher=SUN_STANDARD, sun.os.patch.level=, java.vm.specification.name=Java Virtual Machine Specification, user.dir=c:\Dev\Workspace\Balancing\utilisateur, java.runtime.version=1.8.0_161-b12, basedir=c:\Dev\Workspace\Balancing\utilisateur, java.awt.graphicsenv=sun.awt.Win32GraphicsEnvironment, java.endorsed.dirs=C:\Program Files\Java\jdk1.8.0_161\jre\lib\endorsed, os.arch=amd64, surefire.real.class.path=c:\Dev\Workspace\Balancing\utilisateur\target\surefire\surefirebooter5887396983411693637.jar, java.io.tmpdir=C:\Users\MegaDaw\AppData\Local\Temp\, line.separator=
, java.vm.specification.vendor=Oracle Corporation, user.variant=, os.name=Windows 10, sun.jnu.encoding=Cp1252, java.library.path=C:\Program Files\Java\jdk1.8.0_161\jre\bin;C:\WINDOWS\Sun\Java\bin;C:\WINDOWS\system32;C:\WINDOWS;C:\ProgramData\Oracle\Java\javapath;C:\Program Files (x86)\NVIDIA Corporation\PhysX\Common;C:\Program Files (x86)\Intel\iCLS Client\;C:\Program Files\Intel\iCLS Client\;C:\WINDOWS\system32;C:\WINDOWS;C:\WINDOWS\System32\Wbem;C:\WINDOWS\System32\WindowsPowerShell\v1.0\;C:\Program Files (x86)\Intel\OpenCL SDK\2.0\bin\x86;C:\Program Files (x86)\Intel\OpenCL SDK\2.0\bin\x64;C:\Program Files\Intel\Intel(R) Management Engine Components\DAL;C:\Program Files\Intel\Intel(R) Management Engine Components\IPT;C:\Program Files (x86)\Intel\Intel(R) Management Engine Components\DAL;C:\Program Files (x86)\Intel\Intel(R) Management Engine Components\IPT;C:\Program Files\Microsoft\Web Platform Installer\;C:\Program Files (x86)\Microsoft ASP.NET\ASP.NET Web Pages\v1.0\;C:\Program Files\Microsoft SQL Server\110\Tools\Binn\;C:\Program Files (x86)\Windows Kits\10\Windows Performance Toolkit\;C:\Program Files\Microsoft SQL Server\110\DTS\Binn\;C:\Program Files (x86)\Microsoft SQL Server\110\Tools\Binn\;C:\Program Files (x86)\Microsoft SQL Server\110\Tools\Binn\ManagementStudio\;C:\Program Files (x86)\Microsoft Visual Studio 10.0\Common7\IDE\PrivateAssemblies\;C:\Program Files (x86)\Microsoft SQL Server\110\DTS\Binn\;C:\WINDOWS\system32\config\systemprofile\.dnx\bin;C:\Program Files\Microsoft DNX\Dnvm\;C:\Program Files\Microsoft SQL Server\120\Tools\Binn\;C:\Program Files\Microsoft SQL Server\130\Tools\Binn\;C:\Program Files (x86)\Microsoft SDKs\TypeScript\1.0\;C:\Program Files\nodejs\;C:\Program Files (x86)\Skype\Phone\;C:\Program Files\Git\cmd;C:\Dev\Outils\spring-1.5.9.RELEASE\bin;C:\Dev\Outils\apache-maven-3.5.2\bin;C:\Program Files\Java\jdk1.8.0_161\bin;C:\Users\MegaDaw\AppData\Local\Microsoft\WindowsApps;;C:\Program Files (x86)\Microsoft VS Code\bin;C:\Users\MegaDaw\AppData\Roaming\npm;., surefire.test.class.path=c:\Dev\Workspace\Balancing\utilisateur\target\test-classes;c:\Dev\Workspace\Balancing\utilisateur\target\classes;C:\Dev\maven\repo\org\springframework\cloud\spring-cloud-starter-ribbon\1.4.3.RELEASE\spring-cloud-starter-ribbon-1.4.3.RELEASE.jar;C:\Dev\maven\repo\org\springframework\cloud\spring-cloud-starter-netflix-ribbon\1.4.3.RELEASE\spring-cloud-starter-netflix-ribbon-1.4.3.RELEASE.jar;C:\Dev\maven\repo\org\springframework\cloud\spring-cloud-starter\1.3.2.RELEASE\spring-cloud-starter-1.3.2.RELEASE.jar;C:\Dev\maven\repo\org\springframework\cloud\spring-cloud-context\1.3.2.RELEASE\spring-cloud-context-1.3.2.RELEASE.jar;C:\Dev\maven\repo\org\springframework\security\spring-security-crypto\4.2.4.RELEASE\spring-security-crypto-4.2.4.RELEASE.jar;C:\Dev\maven\repo\org\springframework\cloud\spring-cloud-commons\1.3.2.RELEASE\spring-cloud-commons-1.3.2.RELEASE.jar;C:\Dev\maven\repo\org\springframework\security\spring-security-rsa\1.0.3.RELEASE\spring-security-rsa-1.0.3.RELEASE.jar;C:\Dev\maven\repo\org\bouncycastle\bcpkix-jdk15on\1.55\bcpkix-jdk15on-1.55.jar;C:\Dev\maven\repo\org\bouncycastle\bcprov-jdk15on\1.55\bcprov-jdk15on-1.55.jar;C:\Dev\maven\repo\org\springframework\cloud\spring-cloud-netflix-core\1.4.3.RELEASE\spring-cloud-netflix-core-1.4.3.RELEASE.jar;C:\Dev\maven\repo\org\springframework\cloud\spring-cloud-starter-netflix-archaius\1.4.3.RELEASE\spring-cloud-starter-netflix-archaius-1.4.3.RELEASE.jar;C:\Dev\maven\repo\com\netflix\archaius\archaius-core\0.7.4\archaius-core-0.7.4.jar;C:\Dev\maven\repo\com\google\code\findbugs\jsr305\3.0.1\jsr305-3.0.1.jar;C:\Dev\maven\repo\commons-configuration\commons-configuration\1.8\commons-configuration-1.8.jar;C:\Dev\maven\repo\com\google\guava\guava\18.0\guava-18.0.jar;C:\Dev\maven\repo\com\netflix\ribbon\ribbon\2.2.4\ribbon-2.2.4.jar;C:\Dev\maven\repo\com\netflix\ribbon\ribbon-transport\2.2.4\ribbon-transport-2.2.4.jar;C:\Dev\maven\repo\io\reactivex\rxnetty-contexts\0.4.9\rxnetty-contexts-0.4.9.jar;C:\Dev\maven\repo\io\reactivex\rxnetty-servo\0.4.9\rxnetty-servo-0.4.9.jar;C:\Dev\maven\repo\com\netflix\hystrix\hystrix-core\1.5.12\hystrix-core-1.5.12.jar;C:\Dev\maven\repo\org\hdrhistogram\HdrHistogram\2.1.9\HdrHistogram-2.1.9.jar;C:\Dev\maven\repo\javax\inject\javax.inject\1\javax.inject-1.jar;C:\Dev\maven\repo\io\reactivex\rxnetty\0.4.9\rxnetty-0.4.9.jar;C:\Dev\maven\repo\io\netty\netty-codec-http\4.0.27.Final\netty-codec-http-4.0.27.Final.jar;C:\Dev\maven\repo\io\netty\netty-codec\4.0.27.Final\netty-codec-4.0.27.Final.jar;C:\Dev\maven\repo\io\netty\netty-handler\4.0.27.Final\netty-handler-4.0.27.Final.jar;C:\Dev\maven\repo\io\netty\netty-transport-native-epoll\4.0.27.Final\netty-transport-native-epoll-4.0.27.Final.jar;C:\Dev\maven\repo\io\netty\netty-common\4.0.27.Final\netty-common-4.0.27.Final.jar;C:\Dev\maven\repo\io\netty\netty-buffer\4.0.27.Final\netty-buffer-4.0.27.Final.jar;C:\Dev\maven\repo\io\netty\netty-transport\4.0.27.Final\netty-transport-4.0.27.Final.jar;C:\Dev\maven\repo\com\netflix\ribbon\ribbon-core\2.2.4\ribbon-core-2.2.4.jar;C:\Dev\maven\repo\commons-lang\commons-lang\2.6\commons-lang-2.6.jar;C:\Dev\maven\repo\com\netflix\ribbon\ribbon-httpclient\2.2.4\ribbon-httpclient-2.2.4.jar;C:\Dev\maven\repo\commons-collections\commons-collections\3.2.2\commons-collections-3.2.2.jar;C:\Dev\maven\repo\org\apache\httpcomponents\httpclient\4.5.5\httpclient-4.5.5.jar;C:\Dev\maven\repo\org\apache\httpcomponents\httpcore\4.4.9\httpcore-4.4.9.jar;C:\Dev\maven\repo\commons-codec\commons-codec\1.10\commons-codec-1.10.jar;C:\Dev\maven\repo\com\sun\jersey\jersey-client\1.19.1\jersey-client-1.19.1.jar;C:\Dev\maven\repo\com\sun\jersey\jersey-core\1.19.1\jersey-core-1.19.1.jar;C:\Dev\maven\repo\javax\ws\rs\jsr311-api\1.1.1\jsr311-api-1.1.1.jar;C:\Dev\maven\repo\com\sun\jersey\contribs\jersey-apache-client4\1.19.1\jersey-apache-client4-1.19.1.jar;C:\Dev\maven\repo\com\netflix\servo\servo-core\0.10.1\servo-core-0.10.1.jar;C:\Dev\maven\repo\com\netflix\servo\servo-internal\0.10.1\servo-internal-0.10.1.jar;C:\Dev\maven\repo\com\netflix\netflix-commons\netflix-commons-util\0.1.1\netflix-commons-util-0.1.1.jar;C:\Dev\maven\repo\com\netflix\ribbon\ribbon-loadbalancer\2.2.4\ribbon-loadbalancer-2.2.4.jar;C:\Dev\maven\repo\com\netflix\netflix-commons\netflix-statistics\0.1.1\netflix-statistics-0.1.1.jar;C:\Dev\maven\repo\io\reactivex\rxjava\1.2.0\rxjava-1.2.0.jar;C:\Dev\maven\repo\org\springframework\boot\spring-boot-starter-web\1.5.10.RELEASE\spring-boot-starter-web-1.5.10.RELEASE.jar;C:\Dev\maven\repo\org\springframework\boot\spring-boot-starter\1.5.10.RELEASE\spring-boot-starter-1.5.10.RELEASE.jar;C:\Dev\maven\repo\org\springframework\boot\spring-boot\1.5.10.RELEASE\spring-boot-1.5.10.RELEASE.jar;C:\Dev\maven\repo\org\springframework\boot\spring-boot-autoconfigure\1.5.10.RELEASE\spring-boot-autoconfigure-1.5.10.RELEASE.jar;C:\Dev\maven\repo\org\springframework\boot\spring-boot-starter-logging\1.5.10.RELEASE\spring-boot-starter-logging-1.5.10.RELEASE.jar;C:\Dev\maven\repo\ch\qos\logback\logback-classic\1.1.11\logback-classic-1.1.11.jar;C:\Dev\maven\repo\ch\qos\logback\logback-core\1.1.11\logback-core-1.1.11.jar;C:\Dev\maven\repo\org\slf4j\jcl-over-slf4j\1.7.25\jcl-over-slf4j-1.7.25.jar;C:\Dev\maven\repo\org\slf4j\jul-to-slf4j\1.7.25\jul-to-slf4j-1.7.25.jar;C:\Dev\maven\repo\org\slf4j\log4j-over-slf4j\1.7.25\log4j-over-slf4j-1.7.25.jar;C:\Dev\maven\repo\org\yaml\snakeyaml\1.17\snakeyaml-1.17.jar;C:\Dev\maven\repo\org\springframework\boot\spring-boot-starter-tomcat\1.5.10.RELEASE\spring-boot-starter-tomcat-1.5.10.RELEASE.jar;C:\Dev\maven\repo\org\apache\tomcat\embed\tomcat-embed-core\8.5.27\tomcat-embed-core-8.5.27.jar;C:\Dev\maven\repo\org\apache\tomcat\tomcat-annotations-api\8.5.27\tomcat-annotations-api-8.5.27.jar;C:\Dev\maven\repo\org\apache\tomcat\embed\tomcat-embed-el\8.5.27\tomcat-embed-el-8.5.27.jar;C:\Dev\maven\repo\org\apache\tomcat\embed\tomcat-embed-websocket\8.5.27\tomcat-embed-websocket-8.5.27.jar;C:\Dev\maven\repo\org\hibernate\hibernate-validator\5.3.6.Final\hibernate-validator-5.3.6.Final.jar;C:\Dev\maven\repo\javax\validation\validation-api\1.1.0.Final\validation-api-1.1.0.Final.jar;C:\Dev\maven\repo\org\jboss\logging\jboss-logging\3.3.1.Final\jboss-logging-3.3.1.Final.jar;C:\Dev\maven\repo\com\fasterxml\classmate\1.3.4\classmate-1.3.4.jar;C:\Dev\maven\repo\com\fasterxml\jackson\core\jackson-databind\2.8.10\jackson-databind-2.8.10.jar;C:\Dev\maven\repo\com\fasterxml\jackson\core\jackson-annotations\2.8.0\jackson-annotations-2.8.0.jar;C:\Dev\maven\repo\com\fasterxml\jackson\core\jackson-core\2.8.10\jackson-core-2.8.10.jar;C:\Dev\maven\repo\org\springframework\spring-web\4.3.14.RELEASE\spring-web-4.3.14.RELEASE.jar;C:\Dev\maven\repo\org\springframework\spring-aop\4.3.14.RELEASE\spring-aop-4.3.14.RELEASE.jar;C:\Dev\maven\repo\org\springframework\spring-beans\4.3.14.RELEASE\spring-beans-4.3.14.RELEASE.jar;C:\Dev\maven\repo\org\springframework\spring-context\4.3.14.RELEASE\spring-context-4.3.14.RELEASE.jar;C:\Dev\maven\repo\org\springframework\spring-webmvc\4.3.14.RELEASE\spring-webmvc-4.3.14.RELEASE.jar;C:\Dev\maven\repo\org\springframework\spring-expression\4.3.14.RELEASE\spring-expression-4.3.14.RELEASE.jar;C:\Dev\maven\repo\org\springframework\boot\spring-boot-starter-test\1.5.10.RELEASE\spring-boot-starter-test-1.5.10.RELEASE.jar;C:\Dev\maven\repo\org\springframework\boot\spring-boot-test\1.5.10.RELEASE\spring-boot-test-1.5.10.RELEASE.jar;C:\Dev\maven\repo\org\springframework\boot\spring-boot-test-autoconfigure\1.5.10.RELEASE\spring-boot-test-autoconfigure-1.5.10.RELEASE.jar;C:\Dev\maven\repo\com\jayway\jsonpath\json-path\2.2.0\json-path-2.2.0.jar;C:\Dev\maven\repo\net\minidev\json-smart\2.2.1\json-smart-2.2.1.jar;C:\Dev\maven\repo\net\minidev\accessors-smart\1.1\accessors-smart-1.1.jar;C:\Dev\maven\repo\org\ow2\asm\asm\5.0.3\asm-5.0.3.jar;C:\Dev\maven\repo\org\slf4j\slf4j-api\1.7.25\slf4j-api-1.7.25.jar;C:\Dev\maven\repo\junit\junit\4.12\junit-4.12.jar;C:\Dev\maven\repo\org\assertj\assertj-core\2.6.0\assertj-core-2.6.0.jar;C:\Dev\maven\repo\org\mockito\mockito-core\1.10.19\mockito-core-1.10.19.jar;C:\Dev\maven\repo\org\objenesis\objenesis\2.1\objenesis-2.1.jar;C:\Dev\maven\repo\org\hamcrest\hamcrest-core\1.3\hamcrest-core-1.3.jar;C:\Dev\maven\repo\org\hamcrest\hamcrest-library\1.3\hamcrest-library-1.3.jar;C:\Dev\maven\repo\org\skyscreamer\jsonassert\1.4.0\jsonassert-1.4.0.jar;C:\Dev\maven\repo\com\vaadin\external\google\android-json\0.0.20131108.vaadin1\android-json-0.0.20131108.vaadin1.jar;C:\Dev\maven\repo\org\springframework\spring-core\4.3.14.RELEASE\spring-core-4.3.14.RELEASE.jar;C:\Dev\maven\repo\org\springframework\spring-test\4.3.14.RELEASE\spring-test-4.3.14.RELEASE.jar;, java.specification.name=Java Platform API Specification, java.class.version=52.0, sun.management.compiler=HotSpot 64-Bit Tiered Compilers, os.version=10.0, user.home=C:\Users\MegaDaw, user.timezone=Europe/Paris, java.awt.printerjob=sun.awt.windows.WPrinterJob, file.encoding=Cp1252, java.specification.version=1.8, java.class.path=c:\Dev\Workspace\Balancing\utilisateur\target\test-classes;c:\Dev\Workspace\Balancing\utilisateur\target\classes;C:\Dev\maven\repo\org\springframework\cloud\spring-cloud-starter-ribbon\1.4.3.RELEASE\spring-cloud-starter-ribbon-1.4.3.RELEASE.jar;C:\Dev\maven\repo\org\springframework\cloud\spring-cloud-starter-netflix-ribbon\1.4.3.RELEASE\spring-cloud-starter-netflix-ribbon-1.4.3.RELEASE.jar;C:\Dev\maven\repo\org\springframework\cloud\spring-cloud-starter\1.3.2.RELEASE\spring-cloud-starter-1.3.2.RELEASE.jar;C:\Dev\maven\repo\org\springframework\cloud\spring-cloud-context\1.3.2.RELEASE\spring-cloud-context-1.3.2.RELEASE.jar;C:\Dev\maven\repo\org\springframework\security\spring-security-crypto\4.2.4.RELEASE\spring-security-crypto-4.2.4.RELEASE.jar;C:\Dev\maven\repo\org\springframework\cloud\spring-cloud-commons\1.3.2.RELEASE\spring-cloud-commons-1.3.2.RELEASE.jar;C:\Dev\maven\repo\org\springframework\security\spring-security-rsa\1.0.3.RELEASE\spring-security-rsa-1.0.3.RELEASE.jar;C:\Dev\maven\repo\org\bouncycastle\bcpkix-jdk15on\1.55\bcpkix-jdk15on-1.55.jar;C:\Dev\maven\repo\org\bouncycastle\bcprov-jdk15on\1.55\bcprov-jdk15on-1.55.jar;C:\Dev\maven\repo\org\springframework\cloud\spring-cloud-netflix-core\1.4.3.RELEASE\spring-cloud-netflix-core-1.4.3.RELEASE.jar;C:\Dev\maven\repo\org\springframework\cloud\spring-cloud-starter-netflix-archaius\1.4.3.RELEASE\spring-cloud-starter-netflix-archaius-1.4.3.RELEASE.jar;C:\Dev\maven\repo\com\netflix\archaius\archaius-core\0.7.4\archaius-core-0.7.4.jar;C:\Dev\maven\repo\com\google\code\findbugs\jsr305\3.0.1\jsr305-3.0.1.jar;C:\Dev\maven\repo\commons-configuration\commons-configuration\1.8\commons-configuration-1.8.jar;C:\Dev\maven\repo\com\google\guava\guava\18.0\guava-18.0.jar;C:\Dev\maven\repo\com\netflix\ribbon\ribbon\2.2.4\ribbon-2.2.4.jar;C:\Dev\maven\repo\com\netflix\ribbon\ribbon-transport\2.2.4\ribbon-transport-2.2.4.jar;C:\Dev\maven\repo\io\reactivex\rxnetty-contexts\0.4.9\rxnetty-contexts-0.4.9.jar;C:\Dev\maven\repo\io\reactivex\rxnetty-servo\0.4.9\rxnetty-servo-0.4.9.jar;C:\Dev\maven\repo\com\netflix\hystrix\hystrix-core\1.5.12\hystrix-core-1.5.12.jar;C:\Dev\maven\repo\org\hdrhistogram\HdrHistogram\2.1.9\HdrHistogram-2.1.9.jar;C:\Dev\maven\repo\javax\inject\javax.inject\1\javax.inject-1.jar;C:\Dev\maven\repo\io\reactivex\rxnetty\0.4.9\rxnetty-0.4.9.jar;C:\Dev\maven\repo\io\netty\netty-codec-http\4.0.27.Final\netty-codec-http-4.0.27.Final.jar;C:\Dev\maven\repo\io\netty\netty-codec\4.0.27.Final\netty-codec-4.0.27.Final.jar;C:\Dev\maven\repo\io\netty\netty-handler\4.0.27.Final\netty-handler-4.0.27.Final.jar;C:\Dev\maven\repo\io\netty\netty-transport-native-epoll\4.0.27.Final\netty-transport-native-epoll-4.0.27.Final.jar;C:\Dev\maven\repo\io\netty\netty-common\4.0.27.Final\netty-common-4.0.27.Final.jar;C:\Dev\maven\repo\io\netty\netty-buffer\4.0.27.Final\netty-buffer-4.0.27.Final.jar;C:\Dev\maven\repo\io\netty\netty-transport\4.0.27.Final\netty-transport-4.0.27.Final.jar;C:\Dev\maven\repo\com\netflix\ribbon\ribbon-core\2.2.4\ribbon-core-2.2.4.jar;C:\Dev\maven\repo\commons-lang\commons-lang\2.6\commons-lang-2.6.jar;C:\Dev\maven\repo\com\netflix\ribbon\ribbon-httpclient\2.2.4\ribbon-httpclient-2.2.4.jar;C:\Dev\maven\repo\commons-collections\commons-collections\3.2.2\commons-collections-3.2.2.jar;C:\Dev\maven\repo\org\apache\httpcomponents\httpclient\4.5.5\httpclient-4.5.5.jar;C:\Dev\maven\repo\org\apache\httpcomponents\httpcore\4.4.9\httpcore-4.4.9.jar;C:\Dev\maven\repo\commons-codec\commons-codec\1.10\commons-codec-1.10.jar;C:\Dev\maven\repo\com\sun\jersey\jersey-client\1.19.1\jersey-client-1.19.1.jar;C:\Dev\maven\repo\com\sun\jersey\jersey-core\1.19.1\jersey-core-1.19.1.jar;C:\Dev\maven\repo\javax\ws\rs\jsr311-api\1.1.1\jsr311-api-1.1.1.jar;C:\Dev\maven\repo\com\sun\jersey\contribs\jersey-apache-client4\1.19.1\jersey-apache-client4-1.19.1.jar;C:\Dev\maven\repo\com\netflix\servo\servo-core\0.10.1\servo-core-0.10.1.jar;C:\Dev\maven\repo\com\netflix\servo\servo-internal\0.10.1\servo-internal-0.10.1.jar;C:\Dev\maven\repo\com\netflix\netflix-commons\netflix-commons-util\0.1.1\netflix-commons-util-0.1.1.jar;C:\Dev\maven\repo\com\netflix\ribbon\ribbon-loadbalancer\2.2.4\ribbon-loadbalancer-2.2.4.jar;C:\Dev\maven\repo\com\netflix\netflix-commons\netflix-statistics\0.1.1\netflix-statistics-0.1.1.jar;C:\Dev\maven\repo\io\reactivex\rxjava\1.2.0\rxjava-1.2.0.jar;C:\Dev\maven\repo\org\springframework\boot\spring-boot-starter-web\1.5.10.RELEASE\spring-boot-starter-web-1.5.10.RELEASE.jar;C:\Dev\maven\repo\org\springframework\boot\spring-boot-starter\1.5.10.RELEASE\spring-boot-starter-1.5.10.RELEASE.jar;C:\Dev\maven\repo\org\springframework\boot\spring-boot\1.5.10.RELEASE\spring-boot-1.5.10.RELEASE.jar;C:\Dev\maven\repo\org\springframework\boot\spring-boot-autoconfigure\1.5.10.RELEASE\spring-boot-autoconfigure-1.5.10.RELEASE.jar;C:\Dev\maven\repo\org\springframework\boot\spring-boot-starter-logging\1.5.10.RELEASE\spring-boot-starter-logging-1.5.10.RELEASE.jar;C:\Dev\maven\repo\ch\qos\logback\logback-classic\1.1.11\logback-classic-1.1.11.jar;C:\Dev\maven\repo\ch\qos\logback\logback-core\1.1.11\logback-core-1.1.11.jar;C:\Dev\maven\repo\org\slf4j\jcl-over-slf4j\1.7.25\jcl-over-slf4j-1.7.25.jar;C:\Dev\maven\repo\org\slf4j\jul-to-slf4j\1.7.25\jul-to-slf4j-1.7.25.jar;C:\Dev\maven\repo\org\slf4j\log4j-over-slf4j\1.7.25\log4j-over-slf4j-1.7.25.jar;C:\Dev\maven\repo\org\yaml\snakeyaml\1.17\snakeyaml-1.17.jar;C:\Dev\maven\repo\org\springframework\boot\spring-boot-starter-tomcat\1.5.10.RELEASE\spring-boot-starter-tomcat-1.5.10.RELEASE.jar;C:\Dev\maven\repo\org\apache\tomcat\embed\tomcat-embed-core\8.5.27\tomcat-embed-core-8.5.27.jar;C:\Dev\maven\repo\org\apache\tomcat\tomcat-annotations-api\8.5.27\tomcat-annotations-api-8.5.27.jar;C:\Dev\maven\repo\org\apache\tomcat\embed\tomcat-embed-el\8.5.27\tomcat-embed-el-8.5.27.jar;C:\Dev\maven\repo\org\apache\tomcat\embed\tomcat-embed-websocket\8.5.27\tomcat-embed-websocket-8.5.27.jar;C:\Dev\maven\repo\org\hibernate\hibernate-validator\5.3.6.Final\hibernate-validator-5.3.6.Final.jar;C:\Dev\maven\repo\javax\validation\validation-api\1.1.0.Final\validation-api-1.1.0.Final.jar;C:\Dev\maven\repo\org\jboss\logging\jboss-logging\3.3.1.Final\jboss-logging-3.3.1.Final.jar;C:\Dev\maven\repo\com\fasterxml\classmate\1.3.4\classmate-1.3.4.jar;C:\Dev\maven\repo\com\fasterxml\jackson\core\jackson-databind\2.8.10\jackson-databind-2.8.10.jar;C:\Dev\maven\repo\com\fasterxml\jackson\core\jackson-annotations\2.8.0\jackson-annotations-2.8.0.jar;C:\Dev\maven\repo\com\fasterxml\jackson\core\jackson-core\2.8.10\jackson-core-2.8.10.jar;C:\Dev\maven\repo\org\springframework\spring-web\4.3.14.RELEASE\spring-web-4.3.14.RELEASE.jar;C:\Dev\maven\repo\org\springframework\spring-aop\4.3.14.RELEASE\spring-aop-4.3.14.RELEASE.jar;C:\Dev\maven\repo\org\springframework\spring-beans\4.3.14.RELEASE\spring-beans-4.3.14.RELEASE.jar;C:\Dev\maven\repo\org\springframework\spring-context\4.3.14.RELEASE\spring-context-4.3.14.RELEASE.jar;C:\Dev\maven\repo\org\springframework\spring-webmvc\4.3.14.RELEASE\spring-webmvc-4.3.14.RELEASE.jar;C:\Dev\maven\repo\org\springframework\spring-expression\4.3.14.RELEASE\spring-expression-4.3.14.RELEASE.jar;C:\Dev\maven\repo\org\springframework\boot\spring-boot-starter-test\1.5.10.RELEASE\spring-boot-starter-test-1.5.10.RELEASE.jar;C:\Dev\maven\repo\org\springframework\boot\spring-boot-test\1.5.10.RELEASE\spring-boot-test-1.5.10.RELEASE.jar;C:\Dev\maven\repo\org\springframework\boot\spring-boot-test-autoconfigure\1.5.10.RELEASE\spring-boot-test-autoconfigure-1.5.10.RELEASE.jar;C:\Dev\maven\repo\com\jayway\jsonpath\json-path\2.2.0\json-path-2.2.0.jar;C:\Dev\maven\repo\net\minidev\json-smart\2.2.1\json-smart-2.2.1.jar;C:\Dev\maven\repo\net\minidev\accessors-smart\1.1\accessors-smart-1.1.jar;C:\Dev\maven\repo\org\ow2\asm\asm\5.0.3\asm-5.0.3.jar;C:\Dev\maven\repo\org\slf4j\slf4j-api\1.7.25\slf4j-api-1.7.25.jar;C:\Dev\maven\repo\junit\junit\4.12\junit-4.12.jar;C:\Dev\maven\repo\org\assertj\assertj-core\2.6.0\assertj-core-2.6.0.jar;C:\Dev\maven\repo\org\mockito\mockito-core\1.10.19\mockito-core-1.10.19.jar;C:\Dev\maven\repo\org\objenesis\objenesis\2.1\objenesis-2.1.jar;C:\Dev\maven\repo\org\hamcrest\hamcrest-core\1.3\hamcrest-core-1.3.jar;C:\Dev\maven\repo\org\hamcrest\hamcrest-library\1.3\hamcrest-library-1.3.jar;C:\Dev\maven\repo\org\skyscreamer\jsonassert\1.4.0\jsonassert-1.4.0.jar;C:\Dev\maven\repo\com\vaadin\external\google\android-json\0.0.20131108.vaadin1\android-json-0.0.20131108.vaadin1.jar;C:\Dev\maven\repo\org\springframework\spring-core\4.3.14.RELEASE\spring-core-4.3.14.RELEASE.jar;C:\Dev\maven\repo\org\springframework\spring-test\4.3.14.RELEASE\spring-test-4.3.14.RELEASE.jar;, user.name=mzouari, java.vm.specification.version=1.8, sun.java.command=c:\Dev\Workspace\Balancing\utilisateur\target\surefire\surefirebooter5887396983411693637.jar c:\Dev\Workspace\Balancing\utilisateur\target\surefire\surefire1182506545108994917tmp c:\Dev\Workspace\Balancing\utilisateur\target\surefire\surefire_0366313001554343915tmp, java.home=C:\Program Files\Java\jdk1.8.0_161\jre, sun.arch.data.model=64, user.language=fr, java.specification.vendor=Oracle Corporation, awt.toolkit=sun.awt.windows.WToolkit, java.vm.info=mixed mode, java.version=1.8.0_161, java.ext.dirs=C:\Program Files\Java\jdk1.8.0_161\jre\lib\ext;C:\WINDOWS\Sun\Java\lib\ext, sun.boot.class.path=C:\Program Files\Java\jdk1.8.0_161\jre\lib\resources.jar;C:\Program Files\Java\jdk1.8.0_161\jre\lib\rt.jar;C:\Program Files\Java\jdk1.8.0_161\jre\lib\sunrsasign.jar;C:\Program Files\Java\jdk1.8.0_161\jre\lib\jsse.jar;C:\Program Files\Java\jdk1.8.0_161\jre\lib\jce.jar;C:\Program Files\Java\jdk1.8.0_161\jre\lib\charsets.jar;C:\Program Files\Java\jdk1.8.0_161\jre\lib\jfr.jar;C:\Program Files\Java\jdk1.8.0_161\jre\classes, java.vendor=Oracle Corporation, localRepository=C:\Dev\maven\repo, file.separator=\, java.vendor.url.bug=http://bugreport.sun.com/bugreport/, sun.io.unicode.encoding=UnicodeLittle, sun.cpu.endian=little, sun.desktop=windows, sun.cpu.isalist=amd64}}, SystemEnvironmentPropertySource@1552978964 {name='systemEnvironment', properties={PATH=C:\ProgramData\Oracle\Java\javapath;C:\Program Files (x86)\NVIDIA Corporation\PhysX\Common;C:\Program Files (x86)\Intel\iCLS Client\;C:\Program Files\Intel\iCLS Client\;C:\WINDOWS\system32;C:\WINDOWS;C:\WINDOWS\System32\Wbem;C:\WINDOWS\System32\WindowsPowerShell\v1.0\;C:\Program Files (x86)\Intel\OpenCL SDK\2.0\bin\x86;C:\Program Files (x86)\Intel\OpenCL SDK\2.0\bin\x64;C:\Program Files\Intel\Intel(R) Management Engine Components\DAL;C:\Program Files\Intel\Intel(R) Management Engine Components\IPT;C:\Program Files (x86)\Intel\Intel(R) Management Engine Components\DAL;C:\Program Files (x86)\Intel\Intel(R) Management Engine Components\IPT;C:\Program Files\Microsoft\Web Platform Installer\;C:\Program Files (x86)\Microsoft ASP.NET\ASP.NET Web Pages\v1.0\;C:\Program Files\Microsoft SQL Server\110\Tools\Binn\;C:\Program Files (x86)\Windows Kits\10\Windows Performance Toolkit\;C:\Program Files\Microsoft SQL Server\110\DTS\Binn\;C:\Program Files (x86)\Microsoft SQL Server\110\Tools\Binn\;C:\Program Files (x86)\Microsoft SQL Server\110\Tools\Binn\ManagementStudio\;C:\Program Files (x86)\Microsoft Visual Studio 10.0\Common7\IDE\PrivateAssemblies\;C:\Program Files (x86)\Microsoft SQL Server\110\DTS\Binn\;C:\WINDOWS\system32\config\systemprofile\.dnx\bin;C:\Program Files\Microsoft DNX\Dnvm\;C:\Program Files\Microsoft SQL Server\120\Tools\Binn\;C:\Program Files\Microsoft SQL Server\130\Tools\Binn\;C:\Program Files (x86)\Microsoft SDKs\TypeScript\1.0\;C:\Program Files\nodejs\;C:\Program Files (x86)\Skype\Phone\;C:\Program Files\Git\cmd;C:\Dev\Outils\spring-1.5.9.RELEASE\bin;C:\Dev\Outils\apache-maven-3.5.2\bin;C:\Program Files\Java\jdk1.8.0_161\bin;C:\Users\MegaDaw\AppData\Local\Microsoft\WindowsApps;;C:\Program Files (x86)\Microsoft VS Code\bin;C:\Users\MegaDaw\AppData\Roaming\npm, USERDOMAIN_ROAMINGPROFILE=MZOUARIPC, PROCESSOR_LEVEL=6, SYSTEMDRIVE=C:, FP_NO_HOST_CHECK=NO, VS140COMNTOOLS=C:\Program Files (x86)\Microsoft Visual Studio 14.0\Common7\Tools\, SESSIONNAME=Console, ALLUSERSPROFILE=C:\ProgramData, PROCESSOR_ARCHITECTURE=AMD64, MAVEN_HOME=C:\Dev\Outils\apache-maven-3.5.2\bin\.., PROGRAMFILES=C:\Program Files, PSMODULEPATH=C:\WINDOWS\system32\WindowsPowerShell\v1.0\Modules\;C:\Program Files (x86)\Microsoft SQL Server\110\Tools\PowerShell\Modules\, PROGRAMDATA=C:\ProgramData, USERNAME=mzouari, WDIR=c:\Dev\Workspace\Balancing, FPS_BROWSER_USER_PROFILE_STRING=Default, ONEDRIVE=C:\Users\MegaDaw\OneDrive, PATHEXT=.COM;.EXE;.BAT;.CMD;.VBS;.VBE;.JS;.JSE;.WSF;.WSH;.MSC, CLASSWORLDS_JAR="C:\Dev\Outils\apache-maven-3.5.2\bin\..\boot\plexus-classworlds-2.5.2.jar", WINDIR=C:\WINDOWS, HOMEPATH=\Users\MegaDaw, SPRING_HOME=C:\Dev\Outils\spring-1.5.9.RELEASE, PROCESSOR_IDENTIFIER=Intel64 Family 6 Model 58 Stepping 9, GenuineIntel, PUBLIC=C:\Users\Public, =::=::\, =EXITCODE=00000001, LOCALAPPDATA=C:\Users\MegaDaw\AppData\Local, COMMONPROGRAMFILES(X86)=C:\Program Files (x86)\Common Files, USERDOMAIN=MZOUARIPC, FPS_BROWSER_APP_PROFILE_STRING=Internet Explorer, LOGONSERVER=\\MZOUARIPC, JAVA_HOME=C:\Program Files\Java\jdk1.8.0_161, PROMPT=$P$G, PROGRAMFILES(X86)=C:\Program Files (x86), VS120COMNTOOLS=C:\Program Files (x86)\Microsoft Visual Studio 12.0\Common7\Tools\, ERROR_CODE=0, EXEC_DIR=c:\Dev\Workspace\Balancing\utilisateur, =C:=c:\Dev\Workspace\Balancing\utilisateur, APPDATA=C:\Users\MegaDaw\AppData\Roaming, PROGRAMW6432=C:\Program Files, SYSTEMROOT=C:\WINDOWS, MAVEN_CMD_LINE_ARGS=clean package, OS=Windows_NT, COMMONPROGRAMW6432=C:\Program Files\Common Files, COMPUTERNAME=MZOUARIPC, COMMONPROGRAMFILES=C:\Program Files\Common Files, COMSPEC=C:\WINDOWS\system32\cmd.exe, JAVACMD=C:\Program Files\Java\jdk1.8.0_161\bin\java.exe, MAVEN_PROJECTBASEDIR=c:\Dev\Workspace\Balancing, PROCESSOR_REVISION=3a09, CLASSWORLDS_LAUNCHER=org.codehaus.plexus.classworlds.launcher.Launcher, XNAGSSHARED=C:\Program Files (x86)\Common Files\Microsoft Shared\XNA\, TEMP=C:\Users\MegaDaw\AppData\Local\Temp, HOMEDRIVE=C:, USERPROFILE=C:\Users\MegaDaw, TMP=C:\Users\MegaDaw\AppData\Local\Temp, VS110COMNTOOLS=C:\Program Files (x86)\Microsoft Visual Studio 11.0\Common7\Tools\, NUMBER_OF_PROCESSORS=8, JVMCONFIG=\.mvn\jvm.config}}]
13:32:12.758 [main] DEBUG org.springframework.test.context.support.TestPropertySourceUtils - Adding inlined properties to environment: {spring.jmx.enabled=false, org.springframework.boot.test.context.SpringBootTestContextBootstrapper=true, server.port=0}
13:32:12.759 [main] DEBUG org.springframework.core.env.StandardEnvironment - Adding PropertySource 'Inlined Test Properties' with highest search precedence
2018-02-20 13:32:13.701  INFO 1232 --- [           main] s.c.a.AnnotationConfigApplicationContext : Refreshing org.springframework.context.annotation.AnnotationConfigApplicationContext@37d4349f: startup date [Tue Feb 20 13:32:13 CET 2018]; root of context hierarchy
2018-02-20 13:32:14.125  INFO 1232 --- [           main] f.a.AutowiredAnnotationBeanPostProcessor : JSR-330 'javax.inject.Inject' annotation found and supported for autowiring
2018-02-20 13:32:14.198  INFO 1232 --- [           main] trationDelegate$BeanPostProcessorChecker : Bean 'configurationPropertiesRebinderAutoConfiguration' of type [org.springframework.cloud.autoconfigure.ConfigurationPropertiesRebinderAutoConfiguration$$EnhancerBySpringCGLIB$$58181560] is not eligible for getting processed by all BeanPostProcessors (for example: not eligible for auto-proxying)

  .   ____          _            __ _ _
 /\\ / ___'_ __ _ _(_)_ __  __ _ \ \ \ \
( ( )\___ | '_ | '_| | '_ \/ _` | \ \ \ \
 \\/  ___)| |_)| | | | | || (_| |  ) ) ) )
  '  |____| .__|_| |_|_| |_\__, | / / / /
 =========|_|==============|___/=/_/_/_/
 :: Spring Boot ::       (v1.5.10.RELEASE)

2018-02-20 13:32:15.164  INFO 1232 --- [           main] lovotech.UtilisateurApplicationTests     : No active profile set, falling back to default profiles: default
2018-02-20 13:32:15.170  INFO 1232 --- [           main] ationConfigEmbeddedWebApplicationContext : Refreshing org.springframework.boot.context.embedded.AnnotationConfigEmbeddedWebApplicationContext@6ca0256d: startup date [Tue Feb 20 13:32:15 CET 2018]; parent: org.springframework.context.annotation.AnnotationConfigApplicationContext@37d4349f
2018-02-20 13:32:16.130  INFO 1232 --- [           main] o.s.cloud.context.scope.GenericScope     : BeanFactory id=b52d88ca-c846-3e6f-af9e-bc683d79ed25
2018-02-20 13:32:16.193  INFO 1232 --- [           main] f.a.AutowiredAnnotationBeanPostProcessor : JSR-330 'javax.inject.Inject' annotation found and supported for autowiring
2018-02-20 13:32:16.313  INFO 1232 --- [           main] trationDelegate$BeanPostProcessorChecker : Bean 'org.springframework.cloud.autoconfigure.ConfigurationPropertiesRebinderAutoConfiguration' of type [org.springframework.cloud.autoconfigure.ConfigurationPropertiesRebinderAutoConfiguration$$EnhancerBySpringCGLIB$$58181560] is not eligible for getting processed by all BeanPostProcessors (for example: not eligible for auto-proxying)
2018-02-20 13:32:16.947  INFO 1232 --- [           main] s.b.c.e.t.TomcatEmbeddedServletContainer : Tomcat initialized with port(s): 0 (http)
2018-02-20 13:32:16.966  INFO 1232 --- [           main] o.apache.catalina.core.StandardService   : Starting service [Tomcat]
2018-02-20 13:32:16.968  INFO 1232 --- [           main] org.apache.catalina.core.StandardEngine  : Starting Servlet Engine: Apache Tomcat/8.5.27
2018-02-20 13:32:17.263  INFO 1232 --- [ost-startStop-1] o.a.c.c.C.[Tomcat].[localhost].[/]       : Initializing Spring embedded WebApplicationContext
2018-02-20 13:32:17.263  INFO 1232 --- [ost-startStop-1] o.s.web.context.ContextLoader            : Root WebApplicationContext: initialization completed in 2093 ms
2018-02-20 13:32:17.586  INFO 1232 --- [ost-startStop-1] o.s.b.w.servlet.ServletRegistrationBean  : Mapping servlet: 'dispatcherServlet' to [/]
2018-02-20 13:32:17.593  INFO 1232 --- [ost-startStop-1] o.s.b.w.servlet.FilterRegistrationBean   : Mapping filter: 'characterEncodingFilter' to: [/*]
2018-02-20 13:32:17.594  INFO 1232 --- [ost-startStop-1] o.s.b.w.servlet.FilterRegistrationBean   : Mapping filter: 'hiddenHttpMethodFilter' to: [/*]
2018-02-20 13:32:17.594  INFO 1232 --- [ost-startStop-1] o.s.b.w.servlet.FilterRegistrationBean   : Mapping filter: 'httpPutFormContentFilter' to: [/*]
2018-02-20 13:32:17.594  INFO 1232 --- [ost-startStop-1] o.s.b.w.servlet.FilterRegistrationBean   : Mapping filter: 'requestContextFilter' to: [/*]
2018-02-20 13:32:21.019  WARN 1232 --- [           main] c.n.c.sources.URLConfigurationSource     : No URLs will be polled as dynamic configuration sources.
2018-02-20 13:32:21.020  INFO 1232 --- [           main] c.n.c.sources.URLConfigurationSource     : To enable URLs as dynamic configuration sources, define System property archaius.configurationSource.additionalUrls or make config.properties available on classpath.
2018-02-20 13:32:21.032  WARN 1232 --- [           main] c.n.c.sources.URLConfigurationSource     : No URLs will be polled as dynamic configuration sources.
2018-02-20 13:32:21.032  INFO 1232 --- [           main] c.n.c.sources.URLConfigurationSource     : To enable URLs as dynamic configuration sources, define System property archaius.configurationSource.additionalUrls or make config.properties available on classpath.
2018-02-20 13:32:21.360  INFO 1232 --- [           main] s.w.s.m.m.a.RequestMappingHandlerAdapter : Looking for @ControllerAdvice: org.springframework.boot.context.embedded.AnnotationConfigEmbeddedWebApplicationContext@6ca0256d: startup date [Tue Feb 20 13:32:15 CET 2018]; parent: org.springframework.context.annotation.AnnotationConfigApplicationContext@37d4349f
2018-02-20 13:32:21.523  INFO 1232 --- [           main] s.w.s.m.m.a.RequestMappingHandlerMapping : Mapped "{[/hi]}" onto public java.lang.String lovotech.UtilisateurApplication.hi(java.lang.String)
2018-02-20 13:32:21.529  INFO 1232 --- [           main] s.w.s.m.m.a.RequestMappingHandlerMapping : Mapped "{[/error]}" onto public org.springframework.http.ResponseEntity<java.util.Map<java.lang.String, java.lang.Object>> org.springframework.boot.autoconfigure.web.BasicErrorController.error(javax.servlet.http.HttpServletRequest)
2018-02-20 13:32:21.530  INFO 1232 --- [           main] s.w.s.m.m.a.RequestMappingHandlerMapping : Mapped "{[/error],produces=[text/html]}" onto public org.springframework.web.servlet.ModelAndView org.springframework.boot.autoconfigure.web.BasicErrorController.errorHtml(javax.servlet.http.HttpServletRequest,javax.servlet.http.HttpServletResponse)
2018-02-20 13:32:21.623  INFO 1232 --- [           main] o.s.w.s.handler.SimpleUrlHandlerMapping  : Mapped URL path [/webjars/**] onto handler of type [class org.springframework.web.servlet.resource.ResourceHttpRequestHandler]
2018-02-20 13:32:21.624  INFO 1232 --- [           main] o.s.w.s.handler.SimpleUrlHandlerMapping  : Mapped URL path [/**] onto handler of type [class org.springframework.web.servlet.resource.ResourceHttpRequestHandler]
2018-02-20 13:32:21.711  INFO 1232 --- [           main] o.s.w.s.handler.SimpleUrlHandlerMapping  : Mapped URL path [/**/favicon.ico] onto handler of type [class org.springframework.web.servlet.resource.ResourceHttpRequestHandler]
2018-02-20 13:32:23.797  INFO 1232 --- [           main] s.b.c.e.t.TomcatEmbeddedServletContainer : Tomcat started on port(s): 63264 (http)
2018-02-20 13:32:23.803  INFO 1232 --- [           main] lovotech.UtilisateurApplicationTests     : Started UtilisateurApplicationTests in 11.038 seconds (JVM running for 12.287)
2018-02-20 13:32:24.738  INFO 1232 --- [           main] s.c.a.AnnotationConfigApplicationContext : Refreshing org.springframework.context.annotation.AnnotationConfigApplicationContext@6f2e1024: startup date [Tue Feb 20 13:32:24 CET 2018]; root of context hierarchy
2018-02-20 13:32:24.786  INFO 1232 --- [           main] f.a.AutowiredAnnotationBeanPostProcessor : JSR-330 'javax.inject.Inject' annotation found and supported for autowiring
2018-02-20 13:32:24.843  INFO 1232 --- [           main] trationDelegate$BeanPostProcessorChecker : Bean 'configurationPropertiesRebinderAutoConfiguration' of type [org.springframework.cloud.autoconfigure.ConfigurationPropertiesRebinderAutoConfiguration$$EnhancerBySpringCGLIB$$58181560] is not eligible for getting processed by all BeanPostProcessors (for example: not eligible for auto-proxying)

  .   ____          _            __ _ _
 /\\ / ___'_ __ _ _(_)_ __  __ _ \ \ \ \
( ( )\___ | '_ | '_| | '_ \/ _` | \ \ \ \
 \\/  ___)| |_)| | | | | || (_| |  ) ) ) )
  '  |____| .__|_| |_|_| |_\__, | / / / /
 =========|_|==============|___/=/_/_/_/
 :: Spring Boot ::       (v1.5.10.RELEASE)

2018-02-20 13:32:25.292  INFO 1232 --- [           main] o.a.maven.surefire.booter.ForkedBooter   : No active profile set, falling back to default profiles: default
2018-02-20 13:32:25.296  INFO 1232 --- [           main] ationConfigEmbeddedWebApplicationContext : Refreshing org.springframework.boot.context.embedded.AnnotationConfigEmbeddedWebApplicationContext@77bc2e16: startup date [Tue Feb 20 13:32:25 CET 2018]; parent: org.springframework.context.annotation.AnnotationConfigApplicationContext@6f2e1024
2018-02-20 13:32:25.734  INFO 1232 --- [           main] o.s.cloud.context.scope.GenericScope     : BeanFactory id=d200a17c-1835-3fc9-b2ad-e14da59ef137
2018-02-20 13:32:25.771  INFO 1232 --- [           main] f.a.AutowiredAnnotationBeanPostProcessor : JSR-330 'javax.inject.Inject' annotation found and supported for autowiring
2018-02-20 13:32:25.866  INFO 1232 --- [           main] trationDelegate$BeanPostProcessorChecker : Bean 'org.springframework.cloud.autoconfigure.ConfigurationPropertiesRebinderAutoConfiguration' of type [org.springframework.cloud.autoconfigure.ConfigurationPropertiesRebinderAutoConfiguration$$EnhancerBySpringCGLIB$$58181560] is not eligible for getting processed by all BeanPostProcessors (for example: not eligible for auto-proxying)
2018-02-20 13:32:26.033  INFO 1232 --- [           main] s.b.c.e.t.TomcatEmbeddedServletContainer : Tomcat initialized with port(s): 8090 (http)
2018-02-20 13:32:26.034  INFO 1232 --- [           main] o.apache.catalina.core.StandardService   : Starting service [Tomcat]
2018-02-20 13:32:26.034  INFO 1232 --- [           main] org.apache.catalina.core.StandardEngine  : Starting Servlet Engine: Apache Tomcat/8.5.27
2018-02-20 13:32:26.084  INFO 1232 --- [ost-startStop-1] o.a.c.c.C.[Tomcat-1].[localhost].[/]     : Initializing Spring embedded WebApplicationContext
2018-02-20 13:32:26.085  INFO 1232 --- [ost-startStop-1] o.s.web.context.ContextLoader            : Root WebApplicationContext: initialization completed in 789 ms
2018-02-20 13:32:26.423  INFO 1232 --- [ost-startStop-1] o.s.b.w.servlet.ServletRegistrationBean  : Mapping servlet: 'dispatcherServlet' to [/]
2018-02-20 13:32:26.424  INFO 1232 --- [ost-startStop-1] o.s.b.w.servlet.FilterRegistrationBean   : Mapping filter: 'characterEncodingFilter' to: [/*]
2018-02-20 13:32:26.425  INFO 1232 --- [ost-startStop-1] o.s.b.w.servlet.FilterRegistrationBean   : Mapping filter: 'hiddenHttpMethodFilter' to: [/*]
2018-02-20 13:32:26.425  INFO 1232 --- [ost-startStop-1] o.s.b.w.servlet.FilterRegistrationBean   : Mapping filter: 'httpPutFormContentFilter' to: [/*]
2018-02-20 13:32:26.425  INFO 1232 --- [ost-startStop-1] o.s.b.w.servlet.FilterRegistrationBean   : Mapping filter: 'requestContextFilter' to: [/*]
2018-02-20 13:32:26.571  WARN 1232 --- [           main] o.s.c.n.a.ArchaiusAutoConfiguration      : Netflix ConfigurationManager has already been installed, unable to re-install
2018-02-20 13:32:26.852  INFO 1232 --- [           main] s.w.s.m.m.a.RequestMappingHandlerAdapter : Looking for @ControllerAdvice: org.springframework.boot.context.embedded.AnnotationConfigEmbeddedWebApplicationContext@77bc2e16: startup date [Tue Feb 20 13:32:25 CET 2018]; parent: org.springframework.context.annotation.AnnotationConfigApplicationContext@6f2e1024
2018-02-20 13:32:26.892  INFO 1232 --- [           main] s.w.s.m.m.a.RequestMappingHandlerMapping : Mapped "{[/]}" onto public java.lang.String lovotech.UtilisateurApplicationTests$TestApplication.health()
2018-02-20 13:32:26.892  INFO 1232 --- [           main] s.w.s.m.m.a.RequestMappingHandlerMapping : Mapped "{[/greeting]}" onto public java.lang.Integer lovotech.UtilisateurApplicationTests$TestApplication.greet()
2018-02-20 13:32:26.894  INFO 1232 --- [           main] s.w.s.m.m.a.RequestMappingHandlerMapping : Mapped "{[/error]}" onto public org.springframework.http.ResponseEntity<java.util.Map<java.lang.String, java.lang.Object>> org.springframework.boot.autoconfigure.web.BasicErrorController.error(javax.servlet.http.HttpServletRequest)
2018-02-20 13:32:26.894  INFO 1232 --- [           main] s.w.s.m.m.a.RequestMappingHandlerMapping : Mapped "{[/error],produces=[text/html]}" onto public org.springframework.web.servlet.ModelAndView org.springframework.boot.autoconfigure.web.BasicErrorController.errorHtml(javax.servlet.http.HttpServletRequest,javax.servlet.http.HttpServletResponse)
2018-02-20 13:32:26.968  INFO 1232 --- [           main] o.s.w.s.handler.SimpleUrlHandlerMapping  : Mapped URL path [/webjars/**] onto handler of type [class org.springframework.web.servlet.resource.ResourceHttpRequestHandler]
2018-02-20 13:32:26.968  INFO 1232 --- [           main] o.s.w.s.handler.SimpleUrlHandlerMapping  : Mapped URL path [/**] onto handler of type [class org.springframework.web.servlet.resource.ResourceHttpRequestHandler]
2018-02-20 13:32:27.047  INFO 1232 --- [           main] o.s.w.s.handler.SimpleUrlHandlerMapping  : Mapped URL path [/**/favicon.ico] onto handler of type [class org.springframework.web.servlet.resource.ResourceHttpRequestHandler]
2018-02-20 13:32:27.746 ERROR 1232 --- [           main] o.apache.catalina.core.StandardService   : Failed to start connector [Connector[HTTP/1.1-8090]]

org.apache.catalina.LifecycleException: Failed to start component [Connector[HTTP/1.1-8090]]
	at org.apache.catalina.util.LifecycleBase.start(LifecycleBase.java:167) ~[tomcat-embed-core-8.5.27.jar:8.5.27]
	at org.apache.catalina.core.StandardService.addConnector(StandardService.java:225) ~[tomcat-embed-core-8.5.27.jar:8.5.27]
	at org.springframework.boot.context.embedded.tomcat.TomcatEmbeddedServletContainer.addPreviouslyRemovedConnectors(TomcatEmbeddedServletContainer.java:250) [spring-boot-1.5.10.RELEASE.jar:1.5.10.RELEASE]
	at org.springframework.boot.context.embedded.tomcat.TomcatEmbeddedServletContainer.start(TomcatEmbeddedServletContainer.java:193) [spring-boot-1.5.10.RELEASE.jar:1.5.10.RELEASE]
	at org.springframework.boot.context.embedded.EmbeddedWebApplicationContext.startEmbeddedServletContainer(EmbeddedWebApplicationContext.java:297) [spring-boot-1.5.10.RELEASE.jar:1.5.10.RELEASE]
	at org.springframework.boot.context.embedded.EmbeddedWebApplicationContext.finishRefresh(EmbeddedWebApplicationContext.java:145) [spring-boot-1.5.10.RELEASE.jar:1.5.10.RELEASE]
	at org.springframework.context.support.AbstractApplicationContext.refresh(AbstractApplicationContext.java:546) [spring-context-4.3.14.RELEASE.jar:4.3.14.RELEASE]
	at org.springframework.boot.context.embedded.EmbeddedWebApplicationContext.refresh(EmbeddedWebApplicationContext.java:122) [spring-boot-1.5.10.RELEASE.jar:1.5.10.RELEASE]
	at org.springframework.boot.SpringApplication.refresh(SpringApplication.java:693) [spring-boot-1.5.10.RELEASE.jar:1.5.10.RELEASE]
	at org.springframework.boot.SpringApplication.refreshContext(SpringApplication.java:360) [spring-boot-1.5.10.RELEASE.jar:1.5.10.RELEASE]
	at org.springframework.boot.SpringApplication.run(SpringApplication.java:303) [spring-boot-1.5.10.RELEASE.jar:1.5.10.RELEASE]
	at org.springframework.boot.SpringApplication.run(SpringApplication.java:1118) [spring-boot-1.5.10.RELEASE.jar:1.5.10.RELEASE]
	at org.springframework.boot.SpringApplication.run(SpringApplication.java:1107) [spring-boot-1.5.10.RELEASE.jar:1.5.10.RELEASE]
	at lovotech.UtilisateurApplicationTests.startApp(UtilisateurApplicationTests.java:71) [test-classes/:na]
	at lovotech.UtilisateurApplicationTests.startApps(UtilisateurApplicationTests.java:38) [test-classes/:na]
	at sun.reflect.NativeMethodAccessorImpl.invoke0(Native Method) ~[na:1.8.0_161]
	at sun.reflect.NativeMethodAccessorImpl.invoke(NativeMethodAccessorImpl.java:62) ~[na:1.8.0_161]
	at sun.reflect.DelegatingMethodAccessorImpl.invoke(DelegatingMethodAccessorImpl.java:43) ~[na:1.8.0_161]
	at java.lang.reflect.Method.invoke(Method.java:498) ~[na:1.8.0_161]
	at org.junit.runners.model.FrameworkMethod$1.runReflectiveCall(FrameworkMethod.java:50) [junit-4.12.jar:4.12]
	at org.junit.internal.runners.model.ReflectiveCallable.run(ReflectiveCallable.java:12) [junit-4.12.jar:4.12]
	at org.junit.runners.model.FrameworkMethod.invokeExplosively(FrameworkMethod.java:47) [junit-4.12.jar:4.12]
	at org.junit.internal.runners.statements.RunBefores.evaluate(RunBefores.java:24) [junit-4.12.jar:4.12]
	at org.springframework.test.context.junit4.statements.RunBeforeTestMethodCallbacks.evaluate(RunBeforeTestMethodCallbacks.java:75) [spring-test-4.3.14.RELEASE.jar:4.3.14.RELEASE]
	at org.junit.internal.runners.statements.RunAfters.evaluate(RunAfters.java:27) [junit-4.12.jar:4.12]
	at org.springframework.test.context.junit4.statements.RunAfterTestMethodCallbacks.evaluate(RunAfterTestMethodCallbacks.java:86) [spring-test-4.3.14.RELEASE.jar:4.3.14.RELEASE]
	at org.springframework.test.context.junit4.statements.SpringRepeat.evaluate(SpringRepeat.java:84) [spring-test-4.3.14.RELEASE.jar:4.3.14.RELEASE]
	at org.junit.runners.ParentRunner.runLeaf(ParentRunner.java:325) [junit-4.12.jar:4.12]
	at org.springframework.test.context.junit4.SpringJUnit4ClassRunner.runChild(SpringJUnit4ClassRunner.java:252) [spring-test-4.3.14.RELEASE.jar:4.3.14.RELEASE]
	at org.springframework.test.context.junit4.SpringJUnit4ClassRunner.runChild(SpringJUnit4ClassRunner.java:94) [spring-test-4.3.14.RELEASE.jar:4.3.14.RELEASE]
	at org.junit.runners.ParentRunner$3.run(ParentRunner.java:290) [junit-4.12.jar:4.12]
	at org.junit.runners.ParentRunner$1.schedule(ParentRunner.java:71) [junit-4.12.jar:4.12]
	at org.junit.runners.ParentRunner.runChildren(ParentRunner.java:288) [junit-4.12.jar:4.12]
	at org.junit.runners.ParentRunner.access$000(ParentRunner.java:58) [junit-4.12.jar:4.12]
	at org.junit.runners.ParentRunner$2.evaluate(ParentRunner.java:268) [junit-4.12.jar:4.12]
	at org.springframework.test.context.junit4.statements.RunBeforeTestClassCallbacks.evaluate(RunBeforeTestClassCallbacks.java:61) [spring-test-4.3.14.RELEASE.jar:4.3.14.RELEASE]
	at org.springframework.test.context.junit4.statements.RunAfterTestClassCallbacks.evaluate(RunAfterTestClassCallbacks.java:70) [spring-test-4.3.14.RELEASE.jar:4.3.14.RELEASE]
	at org.junit.runners.ParentRunner.run(ParentRunner.java:363) [junit-4.12.jar:4.12]
	at org.springframework.test.context.junit4.SpringJUnit4ClassRunner.run(SpringJUnit4ClassRunner.java:191) [spring-test-4.3.14.RELEASE.jar:4.3.14.RELEASE]
	at org.apache.maven.surefire.junit4.JUnit4Provider.execute(JUnit4Provider.java:283) [surefire-junit4-2.18.1.jar:2.18.1]
	at org.apache.maven.surefire.junit4.JUnit4Provider.executeWithRerun(JUnit4Provider.java:173) [surefire-junit4-2.18.1.jar:2.18.1]
	at org.apache.maven.surefire.junit4.JUnit4Provider.executeTestSet(JUnit4Provider.java:153) [surefire-junit4-2.18.1.jar:2.18.1]
	at org.apache.maven.surefire.junit4.JUnit4Provider.invoke(JUnit4Provider.java:128) [surefire-junit4-2.18.1.jar:2.18.1]
	at org.apache.maven.surefire.booter.ForkedBooter.invokeProviderInSameClassLoader(ForkedBooter.java:203) [surefire-booter-2.18.1.jar:2.18.1]
	at org.apache.maven.surefire.booter.ForkedBooter.runSuitesInProcess(ForkedBooter.java:155) [surefire-booter-2.18.1.jar:2.18.1]
	at org.apache.maven.surefire.booter.ForkedBooter.main(ForkedBooter.java:103) [surefire-booter-2.18.1.jar:2.18.1]
Caused by: org.apache.catalina.LifecycleException: Protocol handler start failed
	at org.apache.catalina.connector.Connector.startInternal(Connector.java:1021) ~[tomcat-embed-core-8.5.27.jar:8.5.27]
	at org.apache.catalina.util.LifecycleBase.start(LifecycleBase.java:150) ~[tomcat-embed-core-8.5.27.jar:8.5.27]
	... 45 common frames omitted
Caused by: java.net.BindException: Address already in use: bind
	at sun.nio.ch.Net.bind0(Native Method) ~[na:1.8.0_161]
	at sun.nio.ch.Net.bind(Net.java:433) ~[na:1.8.0_161]
	at sun.nio.ch.Net.bind(Net.java:425) ~[na:1.8.0_161]
	at sun.nio.ch.ServerSocketChannelImpl.bind(ServerSocketChannelImpl.java:223) ~[na:1.8.0_161]
	at sun.nio.ch.ServerSocketAdaptor.bind(ServerSocketAdaptor.java:74) ~[na:1.8.0_161]
	at org.apache.tomcat.util.net.NioEndpoint.bind(NioEndpoint.java:210) ~[tomcat-embed-core-8.5.27.jar:8.5.27]
	at org.apache.tomcat.util.net.AbstractEndpoint.start(AbstractEndpoint.java:1150) ~[tomcat-embed-core-8.5.27.jar:8.5.27]
	at org.apache.coyote.AbstractProtocol.start(AbstractProtocol.java:591) ~[tomcat-embed-core-8.5.27.jar:8.5.27]
	at org.apache.catalina.connector.Connector.startInternal(Connector.java:1018) ~[tomcat-embed-core-8.5.27.jar:8.5.27]
	... 46 common frames omitted

2018-02-20 13:32:27.749  INFO 1232 --- [           main] o.apache.catalina.core.StandardService   : Stopping service [Tomcat]
2018-02-20 13:32:27.770  INFO 1232 --- [           main] utoConfigurationReportLoggingInitializer : 

Error starting ApplicationContext. To display the auto-configuration report re-run your application with 'debug' enabled.
2018-02-20 13:32:27.781 ERROR 1232 --- [           main] o.s.b.d.LoggingFailureAnalysisReporter   : 

***************************
APPLICATION FAILED TO START
***************************

Description:

The Tomcat connector configured to listen on port 8090 failed to start. The port may already be in use or the connector may be misconfigured.

Action:

Verify the connector's configuration, identify and stop any process that's listening on port 8090, or configure this application to listen on another port.

2018-02-20 13:32:27.784  INFO 1232 --- [           main] ationConfigEmbeddedWebApplicationContext : Closing org.springframework.boot.context.embedded.AnnotationConfigEmbeddedWebApplicationContext@77bc2e16: startup date [Tue Feb 20 13:32:25 CET 2018]; parent: org.springframework.context.annotation.AnnotationConfigApplicationContext@6f2e1024
]]></system-out>
  </testcase>
  <testcase name="shouldRoundRobinOverInstancesWhenCallingServicesViaRibbon" classname="lovotech.UtilisateurApplicationTests" time="4.102">
    <error type="java.lang.NullPointerException:">java.lang.NullPointerException: null
	at lovotech.UtilisateurApplicationTests.closeApps(UtilisateurApplicationTests.java:45)
</error>
  </testcase>
</testsuite>